<?xml version="1.0" encoding="UTF-8"?>
<!-- Generated by org.testng.reporters.JUnitReportReporter -->
<testsuite hostname="DESKTOP-AK9HRF7" failures="0" tests="4" name="TestRunner.TestRunner" time="7.780" errors="0" timestamp="2024-11-26T20:07:42 GMT-04:00" skipped="0">
  <testcase classname="TestRunner.TestRunner" name="runScenario" time="1.948"/>
  <system-out/>
  <testcase classname="TestRunner.TestRunner" name="runScenario" time="3.462"/>
  <system-out/>
  <testcase classname="TestRunner.TestRunner" name="runScenario" time="1.377"/>
  <system-out/>
  <testcase classname="TestRunner.TestRunner" name="runScenario" time="0.993"/>
  <system-out/>
</testsuite> <!-- TestRunner.TestRunner -->
